<?xml version="1.0" encoding="UTF-8"?>
<!-- Generated by org.testng.reporters.JUnitReportReporter -->
<testsuite hostname="Mypc" name="pom.loginTest" tests="1" failures="0" timestamp="23 Jan 2017 05:49:27 GMT" time="14.314" errors="0">
  <testcase name="l" time="14.314" classname="pom.loginTest"/>
</testsuite> <!-- pom.loginTest -->
