<?xml version="1.0" encoding="UTF-8"?>
<!-- Generated by org.testng.reporters.JUnitReportReporter -->
<testsuite hostname="Mypc" name="testNG.TestNG_Userreg" tests="1" failures="0" timestamp="18 Jan 2017 05:27:14 GMT" time="9.192" errors="0">
  <testcase name="org_Userreg" time="9.192" classname="testNG.TestNG_Userreg"/>
</testsuite> <!-- testNG.TestNG_Userreg -->
