<?xml version="1.0" encoding="UTF-8"?>
<!-- Generated by org.testng.reporters.JUnitReportReporter -->
<testsuite hostname="Mypc" name="grid.GridEg" tests="2" failures="0" timestamp="24 Jan 2017 05:40:04 GMT" time="73.740" errors="0">
  <testcase name="test" time="46.004" classname="grid.GridEg"/>
  <testcase name="test" time="27.736" classname="grid.GridEg"/>
</testsuite> <!-- grid.GridEg -->
