<?xml version="1.0" encoding="UTF-8"?>
<!-- Generated by org.testng.reporters.JUnitReportReporter -->
<testsuite hostname="Mypc" name="testNG.TestNG_Empreg" tests="3" failures="0" timestamp="18 Jan 2017 05:35:10 GMT" time="17.056" errors="0">
  <testcase name="org_Empreg" time="5.715" classname="testNG.TestNG_Empreg"/>
  <testcase name="org_Empreg" time="6.107" classname="testNG.TestNG_Empreg"/>
  <testcase name="org_Empreg" time="5.234" classname="testNG.TestNG_Empreg"/>
</testsuite> <!-- testNG.TestNG_Empreg -->
