<?xml version="1.0" encoding="UTF-8"?>
<!-- Generated by org.testng.reporters.JUnitReportReporter -->
<testsuite hostname="Mypc" name="testNG.Empreg" tests="1" failures="0" timestamp="17 Jan 2017 06:01:52 GMT" time="14.656" errors="0">
  <testcase name="empreg" time="14.656" classname="testNG.Empreg"/>
</testsuite> <!-- testNG.Empreg -->
