<?xml version="1.0" encoding="UTF-8"?>
<!-- Generated by org.testng.reporters.JUnitReportReporter -->
<testsuite hostname="Mypc" name="testNG.BasicAnnotationsEg" tests="2" failures="0" timestamp="17 Jan 2017 05:36:18 GMT" time="0.028" errors="0">
  <testcase name="apple" time="0.011" classname="testNG.BasicAnnotationsEg"/>
  <testcase name="function1" time="0.017" classname="testNG.BasicAnnotationsEg"/>
</testsuite> <!-- testNG.BasicAnnotationsEg -->
