<?xml version="1.0" encoding="UTF-8"?>
<!-- Generated by org.testng.reporters.JUnitReportReporter -->
<testsuite hostname="Mypc" name="testNG.PrimusLoginTest" tests="1" failures="0" timestamp="17 Jan 2017 05:51:13 GMT" time="7.354" errors="0">
  <testcase name="Login_App" time="7.354" classname="testNG.PrimusLoginTest"/>
</testsuite> <!-- testNG.PrimusLoginTest -->
