<?xml version="1.0" encoding="UTF-8"?>
<!-- Generated by org.testng.reporters.JUnitReportReporter -->
<testsuite hostname="Mypc" name="testNG.DataProviderEg2" tests="3" failures="0" timestamp="18 Jan 2017 05:44:39 GMT" time="40.029" errors="0">
  <testcase name="t" time="8.837" classname="testNG.DataProviderEg2"/>
  <testcase name="t" time="19.912" classname="testNG.DataProviderEg2"/>
  <testcase name="t" time="11.280" classname="testNG.DataProviderEg2"/>
</testsuite> <!-- testNG.DataProviderEg2 -->
