<?xml version="1.0" encoding="UTF-8"?>
<!-- Generated by org.testng.reporters.JUnitReportReporter -->
<testsuite hostname="Mypc" name="testNG.Login" tests="1" failures="0" timestamp="17 Jan 2017 06:01:52 GMT" time="25.430" errors="0">
  <testcase name="login" time="25.430" classname="testNG.Login"/>
</testsuite> <!-- testNG.Login -->
